<?xml version="1.0" encoding="UTF-8"?>
<testng-results ignored="0" total="1" passed="1" failed="0" skipped="0">
  <reporter-output>
  </reporter-output>
  <suite started-at="2024-03-17T12:40:53 IST" name="BizBooks Automation Suite" finished-at="2024-03-17T12:40:59 IST" duration-ms="6136">
    <groups>
    </groups>
    <test started-at="2024-03-17T12:40:53 IST" name="BizBooks Application Test" finished-at="2024-03-17T12:40:59 IST" duration-ms="6136">
      <class name="com.tests.LoginPageTest">
        <test-method is-config="true" signature="setUp(java.lang.String)[pri:0, instance:com.tests.LoginPageTest@3a7442c7]" started-at="2024-03-17T12:40:53 IST" name="setUp" finished-at="2024-03-17T12:40:59 IST" duration-ms="5878" status="PASS">
          <params>
            <param index="0">
              <value>
                <![CDATA[Production]]>
              </value>
            </param>
          </params>
          <reporter-output>
          </reporter-output>
        </test-method> <!-- setUp -->
        <test-method signature="loginPageTitleValidation()[pri:1, instance:com.tests.LoginPageTest@3a7442c7]" started-at="2024-03-17T12:40:59 IST" name="loginPageTitleValidation" finished-at="2024-03-17T12:40:59 IST" duration-ms="25" status="PASS">
          <reporter-output>
          </reporter-output>
        </test-method> <!-- loginPageTitleValidation -->
        <test-method is-config="true" signature="tearDown()[pri:0, instance:com.tests.LoginPageTest@3a7442c7]" started-at="2024-03-17T12:40:59 IST" name="tearDown" finished-at="2024-03-17T12:40:59 IST" duration-ms="180" status="PASS">
          <reporter-output>
          </reporter-output>
        </test-method> <!-- tearDown -->
      </class> <!-- com.tests.LoginPageTest -->
    </test> <!-- BizBooks Application Test -->
  </suite> <!-- BizBooks Automation Suite -->
</testng-results>
